<?xml version="1.0" encoding="UTF-8"?>
<robot generator="Robot 3.2.2 (Python 3.7.6 on win32)" generated="20201106 00:28:38.719" rpa="false">
<suite id="s1" name="Login" source="C:\Users\marce\Automation\QANinja\ze-palheta\login.robot">
<test id="s1-t1" name="Admin Login">
<kw name="Access Login Page">
<kw name="Open Browser" library="SeleniumLibrary">
<doc>Opens a new browser instance to the optional ``url``.</doc>
<arguments>
<arg>http://zepalheta-web:3000/</arg>
<arg>chrome</arg>
</arguments>
<msg timestamp="20201106 00:28:39.292" level="INFO">Opening browser 'chrome' to base url 'http://zepalheta-web:3000/'.</msg>
<status status="PASS" starttime="20201106 00:28:39.292" endtime="20201106 00:28:45.000"></status>
</kw>
<kw name="Maximize Browser Window" library="SeleniumLibrary">
<doc>Maximizes current browser window.</doc>
<status status="PASS" starttime="20201106 00:28:45.000" endtime="20201106 00:28:47.146"></status>
</kw>
<status status="PASS" starttime="20201106 00:28:39.291" endtime="20201106 00:28:47.146"></status>
</kw>
<kw name="Submit my credentials">
<arguments>
<arg>admin@zepalheta.com.br</arg>
<arg>pwd123</arg>
</arguments>
<kw name="Input Text" library="SeleniumLibrary">
<doc>Types the given ``text`` into the text field identified by ``locator``.</doc>
<arguments>
<arg>id:txtEmail</arg>
<arg>${email}</arg>
</arguments>
<msg timestamp="20201106 00:28:47.150" level="INFO">Typing text 'admin@zepalheta.com.br' into text field 'id:txtEmail'.</msg>
<status status="PASS" starttime="20201106 00:28:47.149" endtime="20201106 00:28:47.380"></status>
</kw>
<kw name="Input Text" library="SeleniumLibrary">
<doc>Types the given ``text`` into the text field identified by ``locator``.</doc>
<arguments>
<arg>css:input[placeholder=Senha]</arg>
<arg>${password}</arg>
</arguments>
<msg timestamp="20201106 00:28:47.381" level="INFO">Typing text 'pwd123' into text field 'css:input[placeholder=Senha]'.</msg>
<status status="PASS" starttime="20201106 00:28:47.380" endtime="20201106 00:28:47.464"></status>
</kw>
<kw name="Click Element" library="SeleniumLibrary">
<doc>Click the element identified by ``locator``.</doc>
<arguments>
<arg>xpath://button[text()='Entrar']</arg>
</arguments>
<msg timestamp="20201106 00:28:47.465" level="INFO">Clicking element 'xpath://button[text()='Entrar']'.</msg>
<status status="PASS" starttime="20201106 00:28:47.465" endtime="20201106 00:28:47.523"></status>
</kw>
<status status="PASS" starttime="20201106 00:28:47.148" endtime="20201106 00:28:47.523"></status>
</kw>
<kw name="Should I see logged area">
<kw name="Wait Until Page Contains" library="SeleniumLibrary">
<doc>Waits until ``text`` appears on the current page.</doc>
<arguments>
<arg>Aluguéis</arg>
<arg>5</arg>
</arguments>
<status status="PASS" starttime="20201106 00:28:47.525" endtime="20201106 00:28:47.757"></status>
</kw>
<kw name="Close Browser" library="SeleniumLibrary">
<doc>Closes the current browser.</doc>
<status status="PASS" starttime="20201106 00:28:47.757" endtime="20201106 00:28:49.978"></status>
</kw>
<status status="PASS" starttime="20201106 00:28:47.524" endtime="20201106 00:28:49.979"></status>
</kw>
<status status="PASS" starttime="20201106 00:28:39.291" endtime="20201106 00:28:49.980" critical="yes"></status>
</test>
<doc>Login</doc>
<status status="PASS" starttime="20201106 00:28:38.723" endtime="20201106 00:28:49.986"></status>
</suite>
<statistics>
<total>
<stat pass="1" fail="0">Critical Tests</stat>
<stat pass="1" fail="0">All Tests</stat>
</total>
<tag>
</tag>
<suite>
<stat pass="1" fail="0" id="s1" name="Login">Login</stat>
</suite>
</statistics>
<errors>
</errors>
</robot>
